<?xml version="1.0" encoding="UTF-8"?>
<!-- Generated by org.testng.reporters.JUnitReportReporter -->
<testsuite skipped="0" hostname="LAPTOP-73JL2UKU" name="Automate.EcommerceApp.FlipkartChromeTest" tests="7" failures="0" timestamp="2022-10-18T23:26:15 IST" time="34.375" errors="0">
  <testcase name="closeLogin" time="1.149" classname="Automate.EcommerceApp.FlipkartChromeTest"/>
  <system-out/>
  <testcase name="scroll" time="6.077" classname="Automate.EcommerceApp.FlipkartChromeTest"/>
  <system-out/>
  <testcase name="searchProduct" time="5.388" classname="Automate.EcommerceApp.FlipkartChromeTest"/>
  <system-out/>
  <testcase name="loadImage" time="12.059" classname="Automate.EcommerceApp.FlipkartChromeTest"/>
  <system-out/>
  <testcase name="scrollFrequency" time="2.059" classname="Automate.EcommerceApp.FlipkartChromeTest"/>
  <system-out/>
  <testcase name="downloadImages" time="0.028" classname="Automate.EcommerceApp.FlipkartChromeTest"/>
  <system-out/>
  <testcase name="screenResolution" time="7.615" classname="Automate.EcommerceApp.FlipkartChromeTest"/>
  <system-out/>
</testsuite> <!-- Automate.EcommerceApp.FlipkartChromeTest -->
