<?xml version="1.0" encoding="UTF-8"?>
<!-- Generated by org.testng.reporters.JUnitReportReporter -->
<testsuite skipped="0" hostname="LAPTOP-73JL2UKU" name="Automate.EcommerceApp.FlipkartEdgeTest" tests="7" failures="0" timestamp="2022-10-18T23:26:15 IST" time="31.107" errors="0">
  <testcase name="closeLogin" time="1.131" classname="Automate.EcommerceApp.FlipkartEdgeTest"/>
  <system-out/>
  <testcase name="scroll" time="6.073" classname="Automate.EcommerceApp.FlipkartEdgeTest"/>
  <system-out/>
  <testcase name="searchProduct" time="5.362" classname="Automate.EcommerceApp.FlipkartEdgeTest"/>
  <system-out/>
  <testcase name="loadImage" time="8.814" classname="Automate.EcommerceApp.FlipkartEdgeTest"/>
  <system-out/>
  <testcase name="scrollFrequency" time="2.069" classname="Automate.EcommerceApp.FlipkartEdgeTest"/>
  <system-out/>
  <testcase name="downloadImages" time="0.030" classname="Automate.EcommerceApp.FlipkartEdgeTest"/>
  <system-out/>
  <testcase name="screenResolution" time="7.628" classname="Automate.EcommerceApp.FlipkartEdgeTest"/>
  <system-out/>
</testsuite> <!-- Automate.EcommerceApp.FlipkartEdgeTest -->
